<?xml version="1.0" encoding="UTF-8"?>
<!-- Generated by org.testng.reporters.JUnitXMLReporter -->
<testsuite hostname="DESKTOP-44HAP2U" failures="0" tests="2" name="Test" time="2.673" errors="0" timestamp="29 Sep 2019 16:32:33 GMT">
  <testcase classname="project.guruchrome" name="@AfterMethod afterMethod" time="0.0">
    <failure type="java.lang.NullPointerException">
      <![CDATA[java.lang.NullPointerException
	at Utility.Library.getscreenshot(Library.java:25)
	at Maven.Mavenproject.BaseClass.afterMethod(BaseClass.java:23)
... Removed 30 stack frames]]>
    </failure>
  </testcase> <!-- @AfterMethod afterMethod -->
  <testcase classname="project.guruchrome" name="@AfterMethod afterMethod" time="0.0">
    <skipped/>
  </testcase> <!-- @AfterMethod afterMethod -->
  <testcase classname="project.guruchrome" name="f" time="2.643"/>
  <testcase classname="project.guruchrome" name="f1" time="0.0">
    <skipped/>
  </testcase> <!-- f1 -->
</testsuite> <!-- Test -->
