<?xml version="1.0" encoding="UTF-8"?>
<testsuite xmlns:xsi="http://www.w3.org/2001/XMLSchema-instance" xsi:noNamespaceSchemaLocation="https://maven.apache.org/surefire/maven-surefire-plugin/xsd/surefire-test-report-3.0.xsd" version="3.0" name="TestSuite" time="5.172" tests="5" errors="0" skipped="3" failures="1">
  <properties>
[...]
</properties>
  <testcase name="f" classname="project.guruchrome" time="2.655"/>
  <testcase name="afterMethod" classname="project.guruchrome" time="2.658">
    <failure type="java.lang.NullPointerException">java.lang.NullPointerException
</failure>
    <system-out><![CDATA[date is29092019_093232
]]></system-out>
  </testcase>
  <testcase name="afterMethod" classname="project.guruchrome" time="0">
    <skipped/>
  </testcase>
  <testcase name="f1" classname="project.guruchrome" time="0">
    <skipped/>
  </testcase>
  <testcase name="afterSuite" classname="project.guruchrome" time="0">
    <skipped/>
  </testcase>
</testsuite>