-------------------------------------------------------------------------------
Test set: TestSuite
-------------------------------------------------------------------------------
Tests run: 5, Failures: 1, Errors: 0, Skipped: 3, Time elapsed: 5.172 s <<< FAILURE! - in TestSuite
afterMethod(project.guruchrome)  Time elapsed: 2.658 s  <<< FAILURE!
java.lang.NullPointerException

