<?xml version="1.0" encoding="UTF-8"?>
<testng-results total="2" passed="2" failed="0" skipped="0">
  <reporter-output>
  </reporter-output>
  <suite started-at="2019-09-01T07:29:07Z" name="Default suite" finished-at="2019-09-01T07:29:34Z" duration-ms="27833">
    <groups>
    </groups>
    <test started-at="2019-09-01T07:29:07Z" name="Default test" finished-at="2019-09-01T07:29:34Z" duration-ms="27833">
      <class name="project.guruchrome">
        <test-method signature="f()[pri:1, instance:project.guruchrome@4944252c]" started-at="2019-09-01T00:29:07Z" name="f" finished-at="2019-09-01T00:29:19Z" duration-ms="12771" status="PASS">
          <reporter-output>
          </reporter-output>
        </test-method> <!-- f -->
        <test-method is-config="true" signature="afterMethod(org.testng.ITestResult)[pri:0, instance:project.guruchrome@4944252c]" started-at="2019-09-01T00:29:19Z" name="afterMethod" finished-at="2019-09-01T00:29:20Z" duration-ms="392" status="PASS">
          <params>
            <param index="0">
              <value>
                <![CDATA[[TestResult name=f status=SUCCESS method=guruchrome.f()[pri:1, instance:project.guruchrome@4944252c] output={null}]]]>
              </value>
            </param>
          </params>
          <reporter-output>
          </reporter-output>
        </test-method> <!-- afterMethod -->
        <test-method signature="f1()[pri:2, instance:project.guruchrome@4944252c]" started-at="2019-09-01T00:29:20Z" name="f1" finished-at="2019-09-01T00:29:33Z" duration-ms="13623" status="PASS">
          <reporter-output>
          </reporter-output>
        </test-method> <!-- f1 -->
        <test-method is-config="true" signature="afterMethod(org.testng.ITestResult)[pri:0, instance:project.guruchrome@4944252c]" started-at="2019-09-01T00:29:33Z" name="afterMethod" finished-at="2019-09-01T00:29:34Z" duration-ms="1029" status="PASS">
          <params>
            <param index="0">
              <value>
                <![CDATA[[TestResult name=f1 status=SUCCESS method=guruchrome.f1()[pri:2, instance:project.guruchrome@4944252c] output={null}]]]>
              </value>
            </param>
          </params>
          <reporter-output>
          </reporter-output>
        </test-method> <!-- afterMethod -->
        <test-method is-config="true" signature="afterSuite()[pri:0, instance:project.guruchrome@4944252c]" started-at="2019-09-01T00:29:34Z" name="afterSuite" finished-at="2019-09-01T00:29:36Z" duration-ms="1305" status="PASS">
          <reporter-output>
          </reporter-output>
        </test-method> <!-- afterSuite -->
      </class> <!-- project.guruchrome -->
    </test> <!-- Default test -->
  </suite> <!-- Default suite -->
</testng-results>
